Viet Nam|VNM
the Socialist Republic of Viet Nam|VNM
New Zealand|NZL
New Zealand|NZL
Serbia|SRB
the Republic of Serbia|SRB
Hungary|HUN
Hungary|HUN
Mongolia|MNG
Mongolia|MNG
Sierra Leone|SLE
the Republic of Sierra Leone|SLE
State of Palestine|PSE
State of Palestine|PSE
Montenegro|MNE
Montenegro|MNE
Kiribati|KIR
the Republic of Kiribati|KIR
Cook Islands (the)|COK
the Cook Islands|COK
Rwanda|RWA
the Republic of Rwanda|RWA
Japan|JPN
Japan|JPN
Republic of Korea (the)|KOR
the Republic of Korea|KOR
Colombia|COL
the Republic of Colombia|COL
Namibia|NAM
the Republic of Namibia|NAM
Lao People's Democratic Republic (the)|LAO
the Lao People's Democratic Republic|LAO
Papua New Guinea|PNG
Independent State of Papua New Guinea|PNG
Samoa|WSM
the Independent State of Samoa|WSM
Nauru|NRU
the Republic of Nauru|NRU
Lithuania|LTU
the Republic of Lithuania|LTU
Armenia|ARM
the Republic of Armenia|ARM
Bolivia (Plurinational State of)|BOL
the Plurinational State of Bolivia|BOL
Qatar|QAT
the State of Qatar|QAT
Luxembourg|LUX
the Grand Duchy of Luxembourg|LUX
Jordan|JOR
the Hashemite Kingdom of Jordan|JOR
Cuba|CUB
the Republic of Cuba|CUB
Croatia|HRV
the Republic of Croatia|HRV
Poland|POL
the Republic of Poland|POL
Panama|PAN
the Republic of Panama|PAN
Guinea|GIN
the Republic of Guinea|GIN
Afghanistan|AFG
the Islamic Republic of Afghanistan|AFG
Turkey|TUR
the Republic of Turkey|TUR
Morocco|MAR
the Kingdom of Morocco|MAR
Jamaica|JAM
Jamaica|JAM
Georgia|GEO
Georgia|GEO
Zambia|ZMB
the Republic of Zambia|ZMB
Canada|CAN
Canada|CAN
Kuwait|KWT
the State of Kuwait|KWT
Tunisia|TUN
the Republic of Tunisia|TUN
Venezuela (Bolivarian Republic of)|VEN
the Bolivarian Republic of Venezuela|VEN
Albania|ALB
the Republic of Albania|ALB
Sweden|SWE
the Kingdom of Sweden|SWE
Peru|PER
the Republic of Peru|PER
Latvia|LVA
the Republic of Latvia|LVA
Maldives|MDV
the Republic of Maldives|MDV
Thailand|THA
the Kingdom of Thailand|THA
Tonga|TON
the Kingdom of Tonga|TON
Gambia (the)|GMB
the Republic of the Gambia|GMB
Saint Lucia|LCA
Saint Lucia|LCA
Chile|CHL
the Republic of Chile|CHL
Belize|BLZ
Belize|BLZ
Angola|AGO
the Republic of Angola|AGO
Bhutan|BTN
the Kingdom of Bhutan|BTN
Barbados|BRB
Barbados|BRB
Mexico|MEX
the United Mexican States|MEX
the former Yugoslav Republic of Macedonia|MKD
the former Yugoslav Republic of Macedonia|MKD
Uganda|UGA
the Republic of Uganda|UGA
Brazil|BRA
the Federative Republic of Brazil|BRA
Costa Rica|CRI
the Republic of Costa Rica|CRI
Switzerland|CHE
the Swiss Confederation|CHE
Azerbaijan|AZE
the Republic of Azerbaijan|AZE
Egypt|EGY
the Arab Republic of Egypt|EGY
Vanuatu|VUT
the Republic of Vanuatu|VUT
Argentina|ARG
the Argentine Republic|ARG
Tuvalu|TUV
Tuvalu|TUV
Ukraine|UKR
Ukraine|UKR
Guatemala|GTM
the Republic of Guatemala|GTM
Seychelles|SYC
the Republic of Seychelles|SYC
Swaziland|SWZ
the Kingdom of Swaziland|SWZ
Ecuador|ECU
the Republic of Ecuador|ECU
India|IND
the Republic of India|IND
Botswana|BWA
the Republic of Botswana|BWA
Kenya|KEN
the Republic of Kenya|KEN
Kazakhstan|KAZ
the Republic of Kazakhstan|KAZ
Australia|AUS
Australia|AUS
Djibouti|DJI
the Republic of Djibouti|DJI
Nicaragua|NIC
the Republic of Nicaragua|NIC
Mauritius|MUS
the Republic of Mauritius|MUS
Nepal|NPL
the Federal Democratic Republic of Nepal|NPL
Liberia|LBR
the Republic of Liberia|LBR
Cape Verde|CPV
the Republic of Cape Verde|CPV
Guyana|GUY
the Republic of Guyana|GUY
Greece|GRC
the Hellenic Republic|GRC
Liechtenstein|LIE
the Principality of Liechtenstein|LIE
Uzbekistan|UZB
the Republic of Uzbekistan|UZB
Comoros (the)|COM
the Union of the Comoros|COM
Malawi|MWI
the Republic of Malawi|MWI
Eritrea|ERI
the State of Eritrea|ERI
Germany|DEU
the Federal Republic of Germany|DEU
Iran (Islamic Republic of)|IRN
the Islamic Republic of Iran|IRN
Slovenia|SVN
the Republic of Slovenia|SVN
Malta|MLT
the Republic of Malta|MLT
Czech Republic (the)|CZE
the Czech Republic|CZE
Italy|ITA
the Republic of Italy|ITA
Austria|AUT
the Republic of Austria|AUT
Myanmar|MMR
the Republic of the Union of Myanmar|MMR
Fiji|FJI
the Republic of Fiji|FJI
Uruguay|URY
the Eastern Republic of Uruguay|URY
Lebanon|LBN
the Lebanese Republic|LBN
Haiti|HTI
the Republic of Haiti|HTI
Kyrgyzstan|KGZ
the Kyrgyz Republic|KGZ
Nigeria|NGA
the Federal Republic of Nigeria|NGA
Norway|NOR
the Kingdom of Norway|NOR
Paraguay|PRY
the Republic of Paraguay|PRY
Tajikistan|TJK
the Republic of Tajikistan|TJK
Indonesia|IDN
the Republic of Indonesia|IDN
Iraq|IRQ
the Republic of Iraq|IRQ
Philippines (the)|PHL
the Republic of the Philippines|PHL
Malaysia|MYS
Malaysia|MYS
Pakistan|PAK
the Islamic Republic of Pakistan|PAK
Iceland|ISL
the Republic of Iceland|ISL
Denmark|DNK
the Kingdom of Denmark|DNK
Cambodia|KHM
the Kingdom of Cambodia|KHM
Ethiopia|ETH
the Federal Democratic Republic of Ethiopia|ETH
Bahrain|BHR
the Kingdom of Bahrain|BHR
Bangladesh|BGD
the People's Republic of Bangladesh|BGD
Algeria|DZA
the People's Democratic Republic of Algeria|DZA
China|CHN
the People's Republic of China|CHN
Ghana|GHA
the Republic of Ghana|GHA
Bahamas (the)|BHS
the Commonwealth of the Bahamas|BHS
Honduras|HND
the Republic of Honduras|HND
Somalia|SOM
the Federal Republic of Somalia|SOM
Trinidad and Tobago|TTO
the Republic of Trinidad and Tobago|TTO
Sao Tome and Principe|STP
the Democratic Republic of Sao Tome and Principe|STP
Spain|ESP
the Kingdom of Spain|ESP
Portugal|PRT
the Portuguese Republic|PRT
Syrian Arab Republic|SYR
the Syrian Arab Republic|SYR
Mali|MLI
the Republic of Mali|MLI
Oman|OMN
the Sultanate of Oman|OMN
Chad|TCD
the Republic of Chad|TCD
Singapore|SGP
the Republic of Singapore|SGP
Belarus|BLR
the Republic of Belarus|BLR
Cameroon|CMR
the Republic of Cameroon|CMR
Senegal|SEN
the Republic of Senegal|SEN
San Marino|SMR
the Republic of San Marino|SMR
Ireland|IRL
Ireland|IRL
Cyprus|CYP
the Republic of Cyprus|CYP
Congo (the)|COG
the Republic of the Congo|COG
Monaco|MCO
the Principality of Monaco|MCO
France|FRA
the French Republic|FRA
Finland|FIN
the Republic of Finland|FIN
Andorra|AND
the Principality of Andorra|AND
Slovakia|SVK
the Slovak Republic|SVK
Belgium|BEL
the Kingdom of Belgium|BEL
Estonia|EST
the Republic of Estonia|EST
Turkmenistan|TKM
Turkmenistan|TKM
Solomon Islands|SLB
Solomon Islands|SLB
Gabon|GAB
the Gabonese Republic|GAB
Togo|TGO
the Togolese Republic|TGO
El Salvador|SLV
the Republic of El Salvador|SLV
Burundi|BDI
the Republic of Burundi|BDI
Yemen|YEM
the Republic of Yemen|YEM
Dominica|DMA
the Commonwealth of Dominica|DMA
Grenada|GRD
Grenada|GRD
Niger (the)|NER
the Republic of the Niger|NER
Dominican Republic (the)|DOM
the Dominican Republic|DOM
South Sudan|SSD
the Republic of South Sudan|SSD
Niue|NIU
Niue|NIU
Russian Federation (the)|RUS
the Russian Federation|RUS
South Africa|ZAF
the Republic of South Africa|ZAF
Sri Lanka|LKA
the Democratic Socialist Republic of Sri Lanka|LKA
Suriname|SUR
the Republic of Suriname|SUR
Israel|ISR
the State of Israel|ISR
Romania|ROU
Romania|ROU
United Arab Emirates (the)|ARE
the United Arab Emirates|ARE
Zimbabwe|ZWE
the Republic of Zimbabwe|ZWE
Palau|PLW
the Republic of Palau|PLW
United Republic of Tanzania (the)|TZA
the United Republic of Tanzania|TZA
Mauritania|MRT
the Islamic Republic of Mauritania|MRT
Côte d'Ivoire|CIV
the Republic of Côte d'Ivoire|CIV
Libya|LBY
Libya|LBY
Brunei Darussalam|BRN
Brunei Darussalam|BRN
Lesotho|LSO
the Kingdom of Lesotho|LSO
Saudi Arabia|SAU
the Kingdom of Saudi Arabia|SAU
Mozambique|MOZ
the Republic of Mozambique|MOZ
Madagascar|MDG
the Republic of Madagascar|MDG
Guinea-Bissau|GNB
the Republic of Guinea-Bissau|GNB
Bosnia and Herzegovina|BIH
Bosnia and Herzegovina|BIH
Equatorial Guinea|GNQ
the Republic of Equatorial Guinea|GNQ
Micronesia (Federated States of)|FSM
the Federated States of Micronesia|FSM
Democratic People's Republic of Korea (the)|PRK
the Democratic People's Republic of Korea|PRK
Marshall Islands (the)|MHL
the Republic of the Marshall Islands|MHL
Central African Republic (the)|CAF
the Central African Republic|CAF
Benin|BEN
the Republic of Benin|BEN
Burkina Faso|BFA
Burkina Faso|BFA
Netherlands (the)|NLD
the Kingdom of the Netherlands|NLD
Antigua and Barbuda|ATG
Antigua and Barbuda|ATG
Saint Kitts and Nevis|KNA
Saint Kitts and Nevis|KNA
United States of America (the)|USA
the United States of America|USA
Bulgaria|BGR
the Republic of Bulgaria|BGR
United Kingdom of Great Britain and Northern Ireland (the)|GBR
the United Kingdom of Great Britain and Northern Ireland|GBR
Saint Vincent and the Grenadines|VCT
Saint Vincent and the Grenadines|VCT
Sudan (the)|SDN
the Republic of the Sudan|SDN
Timor-Leste|TLS
the Democratic Republic of Timor-Leste|TLS
Democratic Republic of the Congo (the)|COD
the Democratic Republic of the Congo|COD
Republic of Moldova (the)|MDA
the Republic of Moldova|MDA
Holy See (the)|VAT
the Holy See|VAT
