c te d ivoire|CIV
ivory coast|CIV
united kingdom|GBR
bahamas the|BHS
congo dem rep|COD
congo democratic republic of the|COD
congo republic of the|COG
congo rep|COG
republic of congo|COG
eygpt arab rep|EGY
gambia|GMB
guinea bisau|GNB
hong kong sar china|HKG
hong kong china|HKG
china hong kong sar|HKG
dem peoples rep of korea|PRK
korea dem rep|PRK
korea north|PRK
korea rep|KOR
korea south|KOR
kyrgyz republic|KGZ
lao pdr|LAO
laos|LAO
east timor|TLS
macao sar china|MAC
china macao sar|MAC
micronesia fed sts|FSM
micronesia federated states of|FSM
moldova|MDA
slovak republic|SVK
st kitts and nevis|KNA
st lucia|LCA
st martin|MAF
st vincent and the grenadines|VCT
tanzania|TZA
united states|USA
venezuela rb|VEN
vietnam|VNM
iran islamic rep|IRN
são tomé and principe|STP
são tomé and príncipe|STP
yemen rep|YEM
korea republic of|KOR
korea democratic people s republic of|PRK
dem people s republic of korea|PRK
cote d ivoire|CIV
libyan arab jamahiriya|LBY
cte d ivoire|CIV
ethiopia pdr|ETH
occupied palestinian territory|PSE
occupied palestinian territories|PSE
palestine|PSE
palestine state of|PSE
korea democratic people s rep of|PRK
tfyr macedonia|MKD
macedonia fyr|MKD
macedonia the former yugoslav republic of|MKD
falkland is malvinas|FLK
tanzania united republic of|TZA
iran islamic republic of|IRN
gambia the|GMB
egypt arab rep|EGY
virgin islands u s|VIR
vatican city|VAT
russia|RUS
brunei|BRN
syria|SYR
burma|MMR
republic of palau|PLW
macau|MAC
slovakia republic|SVK
falkland island|FLK
st helena|SHN
man isle of|IMN
marshall islands rep of|MHL
burkina|BFA
st vincent and grenadines|VCT
federated states|FSM
zaire|COD
tanzania united rep of|TZA
st pierre and miqueion|SPM
american somoa|ASM
reunion|REU
bosnia and herzegovia|BIH
western samoa|WSM
macedonia|MKD
solomon island|SLB
syria|SYR
myanmar republic of the union of|MMR
